# Checklist Log

## Date: 2026-04-20 (Monday)
## Goal
MC-G105 + VISCA 환경의 실제 출력 특성을 분석하고,
Denoise Degradation Profile 설계를 위한 근거를 확보하며,
SVFocusDenoiseNet 경량/개선 버전 학습을 병렬로 진행한다.

---

## 1. Sensor Capture / Logging
### 1-1. Capture scene setup
- [x] 주간(day) / 야간(night) 각각 촬영 완료 (2026-04-20)
- [x] 광학 줌 1x ~ 7x 전 구간 촬영 완료
- [x] 배율별 연사(Burst) 5장씩 구성
- [x] Raw / Deploy 모델 결과 별도 추출 완료

### 1-2. Frame extraction structure (완료)
- [x] `mc_g105_capture_frames/day/1x~7x/` — 주간 Raw (5장/배율, 3 Scene)
- [x] `mc_g105_capture_frames/night/1x~7x/` — 야간 Raw (5장/배율, 2 Scene)
- [x] `mc_g105_capture_deploy/day|night/` — 배포 모델 추론 결과
- [x] 캡처 이미지는 용량 문제로 `.gitignore` 처리 (로컬에만 보관)

### 1-3. 관찰 결과 요약
- [x] Hot Pixel: 야간에서 배율 낮을수록 최대 -48% 제거됨 (배포 모델)
- [x] Green Tint: 전 배율 확인, 7x 주간에서 tint_rg = -5.96 최악
- [x] 야간 고배율(7x)에서 Temporal Noise 최대, 선명도(HFE) 65% 손실 확인
- [x] 야간 Edge Density 역설: 배포 모델이 HFE는 낮추면서 Edge 수 +41% → Oversharpening 확인

---

## 2. Sensor Analysis Script Run
- [x] `analyze_mc_g105_sensor_capture.py` 고도화 완료 (Burst 그룹화, Temporal Noise 추가)
- [x] 주간 Raw 분석 완료 → `results/mc_g105_analysis_origin/`
- [x] 야간 Raw 분석 완료 → `results/mc_g105_analysis_origin/` (통합)
- [x] 배포 모델 분석 완료 → `results/mc_g105_analysis_deploy/`
- [x] Raw vs Deploy 주야간 비교 분석 완료 (2026-04-20 저녁)

### 2-2. Must-check outputs
- [ ] `per_image_metrics.csv`
- [ ] `group_summary.csv`
- [ ] `summary.md`
- [ ] `plots/brightness_vs_dark_noise.png`
- [ ] `plots/edge_vs_hot_pixel.png`
- [ ] `plots/tint_distribution.png`

### 2-3. Questions to answer after analysis
- [ ] night / tele에서 `dark_noise_std`가 확실히 높아지는가?
- [ ] `hot_pixel_count`가 dark scene에서 일관되게 높게 나오는가?
- [ ] `tint_rg`, `tint_bg`가 특정 방향으로 치우치는가?
- [ ] zoom이 올라갈수록 구조 보존이 어려워지는가?
- [ ] day/night를 분리한 profile이 필요한가?

---

## 3. Degradation Pipeline Design Decision
### 3-1. Decide generic vs sensor-specific
- [ ] Define Noise/Tint profile based on results from step 2
- [ ] 결정 사항 (Denoise V5/Baseline): AWGN 시뮬레이션 강도를 배율 정보에 비례하게 설정 고려 (7x에서 약 6배 더 강한 노지 주입 필요)
- [ ] ColorConsistencyLoss의 가중치를 G-tint 편차(-6)에 맞춰 최적화
- [ ] MC-G105 전용 profile 초안 필요 여부 결정

### 3-2. Potential profile axes
- [ ] day vs night profile 분리 필요 여부
- [ ] zoom 1x~3x vs 4x~7x profile 분리 필요 여부
- [ ] tint bias를 random이 아니라 fixed-direction bias로 줄지 여부
- [ ] hot pixel density 범위를 실제 센서 통계에 맞춰 조정할지 여부

### 3-3. If enough evidence is collected
- [ ] `denoise_mc_g105_v1.yaml` 초안 설계 요청

---

## 4. Denoise Training Runs
주의:
- 두 config 모두 `task: sr`이므로 `tools/train.py` 기본값에 맡기면 `configs/data/sr_train.yaml`가 붙을 수 있음
- 월요일 비교 실험은 `--data_config configs/data/denoise_generic_baseline.yaml`를 명시해서 고정하는 편이 안전함

### 4-1. Run Track A (In Progress)
- [x] `configs/train/Denoise/svfocusdenoise_block2_basic.yaml`
- [x] 목적: block2/basic + dim32 + new losses baseline 확인
- [/] 실행 명령:
```bash
# 주석: Track A를 범용 denoise baseline data_config로 학습한다.
CUDA_VISIBLE_DEVICES=0 accelerate launch tools/train.py \
  --config configs/train/Denoise/svfocusdenoise_block2_basic.yaml \
  --data_config configs/data/denoise_generic_baseline.yaml
```

### 4-2. Run Track B (In Progress)
- [x] `configs/train/Denoise/svfocusdenoise_block2_basic_dim24.yaml`
- [x] 목적: dim24 경량화가 품질/속도에 미치는 영향 확인
- [/] 실행 명령:
```bash
# 주석: Track B를 동일한 denoise baseline data_config로 학습한다.
CUDA_VISIBLE_DEVICES=0 accelerate launch tools/train.py \
  --config configs/train/Denoise/svfocusdenoise_block2_basic_dim24.yaml \
  --data_config configs/data/denoise_generic_baseline.yaml
```

### 4-3. What to compare after training
- [ ] validation loss
- [ ] PSNR / SSIM / LPIPS / NIQE
- [ ] hot pixel 제거 체감
- [ ] green/red tint 억제 체감
- [ ] 얇은 구조물(전선, 나뭇가지) 보존
- [ ] QCS8550 병렬 추론 시 latency 차이

---

## 5. Files to bring back / push to GitHub
### Sensor analysis results
- [ ] `results/mc_g105_analysis_20260420/per_image_metrics.csv`
- [ ] `results/mc_g105_analysis_20260420/group_summary.csv`
- [ ] `results/mc_g105_analysis_20260420/summary.md`
- [ ] `results/mc_g105_analysis_20260420/plots/*.png`

### Training / experiment results
- [ ] 각 학습 run의 `training_log.csv`
- [ ] best checkpoint 경로
- [ ] 사용한 config 파일 경로
- [ ] 간단한 메모: 어떤 결과가 좋았는지

---

## 6. Questions to ask Hermes after Monday work
- [ ] MC-G105 분석 결과를 보고 sensor-specific degradation profile을 어떻게 짤까?
- [ ] dim32 vs dim24 결과 중 어떤 쪽이 더 적절한가?
- [ ] color consistency / hot-pixel masked loss가 실제로 도움이 됐나?
- [ ] day/night 또는 zoom별 profile 분리가 필요한가?
- [ ] 다음 finetuning 방향은 generic -> mc_g105 adaptation으로 어떻게 잡을까?

---

## Quick Priority
최우선:
1. 센서 프레임 수집
2. 분석 스크립트 실행
3. block2/basic 2트랙 학습
4. 결과 push
5. 결과 해석 및 degradation profile 설계
