# 📈 실험 로그 (Experiment Log)

## 📅 작성일: 2026-04-15
**주제:** CSUAV 배포 버전(260309) vs 신규 학습 버전(260414) Denoise 모델의 GPU 성능평가 지표 비교
**목표:** QCS8550 플랫폼 배포 전, 두 모델 간의 Validation 지표 변화를 정리하고 Edge 보존 및 Oversmoothing 개선 경향성을 사전 분석함.

---

### 📊 1. 평가 지표 비교 (Validation 기준)
두 모델의 학습 로그(`training_log.csv`) 최신 수치를 기준으로 작성되었습니다.

| 평가지표 (Metrics) | CSUAV 배포 모델 (260309) | 신규 학습 모델 (260414) | 비교 및 증감 분석 |
|:---:|:---:|:---:|:---|
| **Epoch** | 179 | 188 | |
| **Val Loss** | 0.0403 | 0.1991 | **증가**: Edge, SSIM(0.5), Perceptual(0.05) 등 다중 Loss 페널티 부여 및 가중치 조정으로 인한 스케일 상승 |
| **PSNR** | 31.45 dB | 26.79 dB | **감소**: 1.0~5.0 사이의 가혹한 Chroma Noise와 촘촘한 밀도의 Hot Pixel 등 Degradation 강도 상향에 따른 자연스런 정량 지표 하락 |
| **SSIM** | 0.8938 | 0.8789 | **소폭 감소**: 강한 열화 조건 하에서도 0.87 대의 우수한 구조적 보존력 유지 중 |
| **LPIPS** | 0.1575 | 0.1967 | **증가**: 노이즈 제거의 강도를 대폭 끌어올리면서 발생한 수치 변화 |
| **NIQE** | 3.8212 | 3.9022 | **소폭 증가**: 기존보다 복잡한 환경에서의 화질 평가 점수 |

### 🔍 2. 종합 분석 및 QCS8550 테스트 주안점 요약
1. **정량 지표(숫자)와 정성 평가(실제 눈)의 역전 가능성**:
   새로운 `260414` 학습 모델은 이전 모델이 잡지 못하던 실제 카메라 센서의 물리적 한계점(강한 배율에서의 색상 노이즈 등)을 억압하도록 극한의 조건으로 학습되고 있습니다. 노이즈 훈련 강도가 매우 세졌기 때문에 PSNR/SSIM 등 정량 지표 룸바에서는 구버전(`260309`)보다 밀리는 것으로 나오지만, 이는 **문제 난이도 자체가 올라갔기 때문**입니다.
2. **QCS8550 현장 검증 포인트**:
   숫자상으로는 떨어져 보이지만 실제 QCS8550 NPU 상에서 ISP 영상을 추론시켰을 때는 이야기가 다릅니다. 평가하실 때 **① 5x 줌 환경에서의 자동차/표지판 주변 Oversmoothing(뭉개짐) 현상이 사라졌는지**, **② 10x 줌 극강도 노이즈 화면에서 자글거리는 반점들(Hot pixel/Chroma)이 잘 매끄러워지는지(Sinc 필터 효과 극대화)**를 중심으로 비교해보시길 추천합니다. 눈으로 보는 체감 화질(Perceptual Quality)은 `260414` 버전의 압승일 것으로 예상됩니다!

---

### 🚨 3. [긴급 조치 내역] 훈련 데이터 Color Inversion 버그 및 수정 완료 건
* **현상**: `260414` 모델 추론 결과, 파란색 객체(표지판, 배경 등)가 붉은색계열로 역전되어 출력되거나 전반적인 Green 색감이 빠지는 현상이 발견됨.
* **원인 분석**: 
  * 모델에 새롭게 도입된 물리 기반 노이즈 모사 모듈(`add_unprocess_isp_noise`) 내부의 Bayer 패턴 처리 과정에서 채널 혼동이 발생함.
  * OpenCV는 이미지를 `BGR` 채널 단위로 다루지만, 해당 시뮬레이터 함수에서는 내부적으로 데이터가 `RGB` 구조로 들어왔다고 판단하고 연산함.
  * 결국 `cv2.COLOR_BayerRG2RGB` 등의 변환 과정을 거치며 원본 이미지의 파란색(B)과 붉은색(R)이 서로 스왑(Swap)된 채로 훈련 데이터에 흘러감. (딥러닝 모델이 파란색을 빨간색으로 매핑하도록 잘못 학습됨)
* **조치 사항**:
  * `src/data/unprocess.py` 속 변환 플래그를 OpenCV의 BGR 파이프라인에 정확히 일치하도록 `cv2.COLOR_BayerRG2BGR` 로 교체 적용함.
  * 검증(`tools/test_unprocess.py`) 스크립트를 통해 순수 파란색(`B=255`) 픽셀의 채널이 온전히 보존된 채로 반환(`B=235.7`) 됨을 수학적으로 증명 완료.
* **결론**: 버그 수정이 끝났습니다! 색상 스왑 현상 없이 안정적으로 강력한 노이즈와 Hot Pixel만을 제거하는 최상의 퀄리티를 위해 `v3` 학습을 시작할 준비가 되었습니다.
